Using pre-set license

 COMMAND LINE ARGUMENTS:
/Applications/Unity/Hub/Editor/2020.2.2f1/Unity.app/Contents/MacOS/Unity
-adb2
-batchMode
-noUpm
-name
AssetImportWorker0
-projectPath
/Volumes/x-platform/Pong2021
-logFile
Logs/AssetImportWorker0.log
-srvPort
49380
Successfully changed project path to: /Volumes/x-platform/Pong2021
/Volumes/x-platform/Pong2021
Using Asset Import Pipeline V2.
Refreshing native plugins compatible for Editor in 52.49 ms, found 1 plugins.
Preloading 0 native plugins for Editor in 0.00 ms.
Initialize engine version: 2020.2.2f1 (068178b99f32)
[Subsystems] Discovering subsystems at path /Applications/Unity/Hub/Editor/2020.2.2f1/Unity.app/Contents/Resources/UnitySubsystems
[Subsystems] Discovering subsystems at path /Volumes/x-platform/Pong2021/Assets
GfxDevice: creating device client; threaded=0
2021-01-24 16:31:25.365 Unity[74181:7007031] Color LCD preferred device: AMD Radeon Pro Vega 20 (high power)
2021-01-24 16:31:25.365 Unity[74181:7007031] Metal devices available: 2
2021-01-24 16:31:25.365 Unity[74181:7007031] 0: AMD Radeon Pro Vega 20 (high power)
2021-01-24 16:31:25.365 Unity[74181:7007031] 1: Intel(R) UHD Graphics 630 (low power)
2021-01-24 16:31:25.366 Unity[74181:7007031] Using device AMD Radeon Pro Vega 20 (high power)
Initializing Metal device caps: AMD Radeon Pro Vega 20
Initialize mono
Mono path[0] = '/Applications/Unity/Hub/Editor/2020.2.2f1/Unity.app/Contents/Managed'
Mono path[1] = '/Applications/Unity/Hub/Editor/2020.2.2f1/Unity.app/Contents/MonoBleedingEdge/lib/mono/unityjit'
Mono config path = '/Applications/Unity/Hub/Editor/2020.2.2f1/Unity.app/Contents/MonoBleedingEdge/etc'
Using monoOptions --debugger-agent=transport=dt_socket,embedding=1,server=y,suspend=n,address=127.0.0.1:56181
Begin MonoManager ReloadAssembly
Registering precompiled unity dll's ...
Register platform support module: /Applications/Unity/Hub/Editor/2020.2.2f1/PlaybackEngines/WebGLSupport/UnityEditor.WebGL.Extensions.dll
Register platform support module: /Applications/Unity/Hub/Editor/2020.2.2f1/Unity.app/Contents/PlaybackEngines/MacStandaloneSupport/UnityEditor.OSXStandalone.Extensions.dll
Register platform support module: /Applications/Unity/Hub/Editor/2020.2.2f1/PlaybackEngines/WindowsStandaloneSupport/UnityEditor.WindowsStandalone.Extensions.dll
Register platform support module: /Applications/Unity/Hub/Editor/2020.2.2f1/PlaybackEngines/LinuxStandaloneSupport/UnityEditor.LinuxStandalone.Extensions.dll
Register platform support module: /Applications/Unity/Hub/Editor/2020.2.2f1/PlaybackEngines/LuminSupport/UnityEditor.Lumin.Extensions.dll
Registered in 0.005058 seconds.
Native extension for Lumin target not found
Native extension for LinuxStandalone target not found
Native extension for WindowsStandalone target not found
Native extension for OSXStandalone target not found
Native extension for WebGL target not found
Refreshing native plugins compatible for Editor in 45.78 ms, found 1 plugins.
Preloading 0 native plugins for Editor in 0.00 ms.
Invoked RoslynAnalysisRunner static constructor.
RoslynAnalysisRunner will not be running.
RoslynAnalysisRunner has terminated.
Mono: successfully reloaded assembly
- Completed reload, in  7.778 seconds
Platform modules already initialized, skipping
Registering precompiled user dll's ...
Registered in 0.010484 seconds.
Begin MonoManager ReloadAssembly
Native extension for Lumin target not found
Native extension for LinuxStandalone target not found
Native extension for WindowsStandalone target not found
Native extension for OSXStandalone target not found
Native extension for WebGL target not found
Refreshing native plugins compatible for Editor in 0.65 ms, found 1 plugins.
Preloading 0 native plugins for Editor in 0.00 ms.
Invoked RoslynAnalysisRunner static constructor.
RoslynAnalysisRunner will not be running.
RoslynAnalysisRunner has terminated.
Mono: successfully reloaded assembly
- Completed reload, in  0.925 seconds
Platform modules already initialized, skipping
========================================================================
Worker process is ready to serve import requests
Launching external process: /Applications/Unity/Hub/Editor/2020.2.2f1/Unity.app/Contents/Tools/UnityShaderCompiler
Launched and connected shader compiler UnityShaderCompiler after 0.01 seconds
Refreshing native plugins compatible for Editor in 0.70 ms, found 1 plugins.
Preloading 0 native plugins for Editor in 0.00 ms.
Unloading 1795 Unused Serialized files (Serialized files now loaded: 0)
System memory in use before: 243.9 MB.
System memory in use after: 243.6 MB.

Unloading 56 unused Assets to reduce memory usage. Loaded Objects now: 2223.
Total: 2.267664 ms (FindLiveObjects: 0.201173 ms CreateObjectMapping: 0.077655 ms MarkObjects: 1.549172 ms  DeleteObjects: 0.438569 ms)

========================================================================
Received Import Request.
  path: Assets/Pong 2020/UI/logo simple.psd
  artifactKey: Guid(d5c440d0362c249529a3febdf8f4ceff) Importer(815301076,1909f56bfc062723c751e8b465ee728b)
Start importing Assets/Pong 2020/UI/logo simple.psd using Guid(d5c440d0362c249529a3febdf8f4ceff) Importer(815301076,1909f56bfc062723c751e8b465ee728b)  -> (artifact id: '33e6a205f8c14cd20fc597e07f4112bb') in 0.473959 seconds
  Import took 0.478079 seconds .

========================================================================
Received Import Request.
  Time since last request: 0.000448 seconds.
  path: Assets/Pong 2020/UI/logo simple.png
  artifactKey: Guid(3c29a56c614bc4852bef22769c010db0) Importer(815301076,1909f56bfc062723c751e8b465ee728b)
Start importing Assets/Pong 2020/UI/logo simple.png using Guid(3c29a56c614bc4852bef22769c010db0) Importer(815301076,1909f56bfc062723c751e8b465ee728b)  -> (artifact id: 'ef4f390eee305ec16af4ee697e970b0b') in 1.020394 seconds
  Import took 1.023421 seconds .

========================================================================
Received Import Request.
  Time since last request: 6.478318 seconds.
  path: Assets/Pong 2020/UI/logo_trans.png
  artifactKey: Guid(fe66ad7fe30fd4a3cbf7ea6916dd4f0d) Importer(815301076,1909f56bfc062723c751e8b465ee728b)
Start importing Assets/Pong 2020/UI/logo_trans.png using Guid(fe66ad7fe30fd4a3cbf7ea6916dd4f0d) Importer(815301076,1909f56bfc062723c751e8b465ee728b)  -> (artifact id: '0f9f5b9bad9aaf68fd697937cabd733e') in 0.059035 seconds
  Import took 0.063004 seconds .

========================================================================
Received Import Request.
  Time since last request: 35.102726 seconds.
  path: Assets/Pong 2020/UI/APOLLOSS_LOGO_trans.png
  artifactKey: Guid(b56047c3c1d1346fdb920dd9f1126410) Importer(815301076,1909f56bfc062723c751e8b465ee728b)
Start importing Assets/Pong 2020/UI/APOLLOSS_LOGO_trans.png using Guid(b56047c3c1d1346fdb920dd9f1126410) Importer(815301076,1909f56bfc062723c751e8b465ee728b)  -> (artifact id: 'd1721976758f251b00c7b22f1e48703d') in 0.010978 seconds
  Import took 0.014274 seconds .

========================================================================
Received Import Request.
  Time since last request: 0.000170 seconds.
  path: Assets/Pong 2020/UI/ASS_LOGO_2019_FS.png
  artifactKey: Guid(c3ef07153c12245cba93a62044f6ce41) Importer(815301076,1909f56bfc062723c751e8b465ee728b)
Start importing Assets/Pong 2020/UI/ASS_LOGO_2019_FS.png using Guid(c3ef07153c12245cba93a62044f6ce41) Importer(815301076,1909f56bfc062723c751e8b465ee728b)  -> (artifact id: 'b782aa3607423854e19f777162d8be36') in 0.024602 seconds
  Import took 0.027534 seconds .

========================================================================
Received Import Request.
  Time since last request: 0.000256 seconds.
  path: Assets/Pong 2020/UI/Background 1.png
  artifactKey: Guid(c1b4518ed34f617428b07ad766b5dc59) Importer(815301076,1909f56bfc062723c751e8b465ee728b)
Start importing Assets/Pong 2020/UI/Background 1.png using Guid(c1b4518ed34f617428b07ad766b5dc59) Importer(815301076,1909f56bfc062723c751e8b465ee728b)  -> (artifact id: '72aea6952517e5de315382b66f39229f') in 0.013509 seconds
  Import took 0.016949 seconds .

========================================================================
Received Import Request.
  Time since last request: 0.000159 seconds.
  path: Assets/Pong 2020/UI/Arrow bottom.png
  artifactKey: Guid(8eb2889ff31857146a7a1db9eb146ab9) Importer(815301076,1909f56bfc062723c751e8b465ee728b)
Start importing Assets/Pong 2020/UI/Arrow bottom.png using Guid(8eb2889ff31857146a7a1db9eb146ab9) Importer(815301076,1909f56bfc062723c751e8b465ee728b)  -> (artifact id: '17ccfa817daef5d0fff9edb7c3c5b44c') in 0.011165 seconds
  Import took 0.014222 seconds .

========================================================================
Received Import Request.
  Time since last request: 0.000188 seconds.
  path: Assets/Pong 2020/UI/background.png
  artifactKey: Guid(85a75492eb8900e4fa3a740699fa5a5b) Importer(815301076,1909f56bfc062723c751e8b465ee728b)
Start importing Assets/Pong 2020/UI/background.png using Guid(85a75492eb8900e4fa3a740699fa5a5b) Importer(815301076,1909f56bfc062723c751e8b465ee728b)  -> (artifact id: 'c0c88fc891f00774100580cc35bb6571') in 0.021600 seconds
  Import took 0.024809 seconds .

========================================================================
Received Import Request.
  Time since last request: 0.000213 seconds.
  path: Assets/Pong 2020/UI/ASS_LOGO_Smal_2019.png
  artifactKey: Guid(1dfa5a983113a41b090bfaf886841a4f) Importer(815301076,1909f56bfc062723c751e8b465ee728b)
Start importing Assets/Pong 2020/UI/ASS_LOGO_Smal_2019.png using Guid(1dfa5a983113a41b090bfaf886841a4f) Importer(815301076,1909f56bfc062723c751e8b465ee728b)  -> (artifact id: 'a967d582a7fa21973470b5d94d8f5558') in 0.012701 seconds
  Import took 0.015692 seconds .

========================================================================
Received Import Request.
  Time since last request: 0.000242 seconds.
  path: Assets/Pong 2020/UI/ASS_LOGO_Smal_2020.png
  artifactKey: Guid(b5c7218b3ee044da39940673071019c2) Importer(815301076,1909f56bfc062723c751e8b465ee728b)
Start importing Assets/Pong 2020/UI/ASS_LOGO_Smal_2020.png using Guid(b5c7218b3ee044da39940673071019c2) Importer(815301076,1909f56bfc062723c751e8b465ee728b)  -> (artifact id: '6fcac95ecd408f1b9a311a3cd4115ff6') in 0.012158 seconds
  Import took 0.015402 seconds .

========================================================================
Received Import Request.
  Time since last request: 0.000214 seconds.
  path: Assets/Pong 2020/UI/Arrow.png
  artifactKey: Guid(040efa0dae9b0c148a72432386459fb3) Importer(815301076,1909f56bfc062723c751e8b465ee728b)
Start importing Assets/Pong 2020/UI/Arrow.png using Guid(040efa0dae9b0c148a72432386459fb3) Importer(815301076,1909f56bfc062723c751e8b465ee728b)  -> (artifact id: '91c5bca2611251ee3bb787edb6558464') in 0.012608 seconds
  Import took 0.015677 seconds .

========================================================================
Received Prepare
Registering precompiled user dll's ...
Registered in 0.001843 seconds.
Begin MonoManager ReloadAssembly
Native extension for Lumin target not found
Native extension for LinuxStandalone target not found
Native extension for WindowsStandalone target not found
Native extension for OSXStandalone target not found
Native extension for WebGL target not found
Refreshing native plugins compatible for Editor in 0.70 ms, found 1 plugins.
Preloading 0 native plugins for Editor in 0.00 ms.
Invoked RoslynAnalysisRunner static constructor.
RoslynAnalysisRunner will not be running.
RoslynAnalysisRunner has terminated.
Mono: successfully reloaded assembly
- Completed reload, in  0.889 seconds
Platform modules already initialized, skipping
Switching build target platform(2) subTarget(0) extendedPlatform(0) -> platform(9) subTarget(16777218) extendedPlatform(0)
Refreshing native plugins compatible for Editor in 0.75 ms, found 1 plugins.
Preloading 0 native plugins for Editor in 0.00 ms.
Unloading 1683 Unused Serialized files (Serialized files now loaded: 0)
System memory in use before: 236.2 MB.
System memory in use after: 235.9 MB.

Unloading 52 unused Assets to reduce memory usage. Loaded Objects now: 2243.
Total: 2.017741 ms (FindLiveObjects: 0.188154 ms CreateObjectMapping: 0.063995 ms MarkObjects: 1.360634 ms  DeleteObjects: 0.403771 ms)

AssetImportParameters requested are different than current active one (requested -> active):
  custom:graphics/normal-map-encoding: 01000000000000000000000000000000 -> 02000000000000000000000000000000
